0 info it worked if it ends with ok
1 verbose cli [ '/usr/bin/nodejs', '/usr/bin/npm', 'start' ]
2 info using npm@3.3.12
3 info using node@v5.4.1
4 verbose run-script [ 'prestart', 'start', 'poststart' ]
5 info lifecycle google-doc-publisher@1.0.0~prestart: google-doc-publisher@1.0.0
6 silly lifecycle google-doc-publisher@1.0.0~prestart: no script for prestart, continuing
7 info lifecycle google-doc-publisher@1.0.0~start: google-doc-publisher@1.0.0
8 verbose lifecycle google-doc-publisher@1.0.0~start: unsafe-perm in lifecycle true
9 verbose lifecycle google-doc-publisher@1.0.0~start: PATH: /usr/lib/node_modules/npm/bin/node-gyp-bin:/home/augustin/Workspace/google-doc-publisher/node_modules/.bin:/home/augustin/.rvm/gems/ruby-2.2.1/bin:/home/augustin/.rvm/gems/ruby-2.2.1@global/bin:/home/augustin/.rvm/rubies/ruby-2.2.1/bin:/home/augustin/.rvm/bin:/usr/local/heroku/bin:/usr/local/bin:/usr/bin:/bin:/usr/local/games:/usr/games:/usr/lib/lightdm/lightdm:/usr/local/sbin:/usr/local/bin:/usr/sbin:/usr/bin:/sbin:/bin:/usr/games:/usr/local/games:/home/augustin/.scripts:/bin:/home/augustin/go/bin:/opt/android-sdk-linux/tools:/opt/android-sdk-linux/platform-tools
10 verbose lifecycle google-doc-publisher@1.0.0~start: CWD: /home/augustin/Workspace/google-doc-publisher
11 silly lifecycle google-doc-publisher@1.0.0~start: Args: [ '-c', 'node server.js' ]
12 silly lifecycle google-doc-publisher@1.0.0~start: Returned: code: 1  signal: null
13 info lifecycle google-doc-publisher@1.0.0~start: Failed to exec start script
14 verbose stack Error: google-doc-publisher@1.0.0 start: `node server.js`
14 verbose stack Exit status 1
14 verbose stack     at EventEmitter.<anonymous> (/usr/lib/node_modules/npm/lib/utils/lifecycle.js:232:16)
14 verbose stack     at emitTwo (events.js:87:13)
14 verbose stack     at EventEmitter.emit (events.js:172:7)
14 verbose stack     at ChildProcess.<anonymous> (/usr/lib/node_modules/npm/lib/utils/spawn.js:24:14)
14 verbose stack     at emitTwo (events.js:87:13)
14 verbose stack     at ChildProcess.emit (events.js:172:7)
14 verbose stack     at maybeClose (internal/child_process.js:821:16)
14 verbose stack     at Process.ChildProcess._handle.onexit (internal/child_process.js:211:5)
15 verbose pkgid google-doc-publisher@1.0.0
16 verbose cwd /home/augustin/Workspace/google-doc-publisher
17 error Linux 3.16.0-4-amd64
18 error argv "/usr/bin/nodejs" "/usr/bin/npm" "start"
19 error node v5.4.1
20 error npm  v3.3.12
21 error code ELIFECYCLE
22 error google-doc-publisher@1.0.0 start: `node server.js`
22 error Exit status 1
23 error Failed at the google-doc-publisher@1.0.0 start script 'node server.js'.
23 error Make sure you have the latest version of node.js and npm installed.
23 error If you do, this is most likely a problem with the google-doc-publisher package,
23 error not with npm itself.
23 error Tell the author that this fails on your system:
23 error     node server.js
23 error You can get their info via:
23 error     npm owner ls google-doc-publisher
23 error There is likely additional logging output above.
24 verbose exit [ 1, true ]
